<?xml version="1.0" encoding="UTF-8"?>
<testsuite xmlns:xsi="http://www.w3.org/2001/XMLSchema-instance" xsi:noNamespaceSchemaLocation="https://maven.apache.org/surefire/maven-surefire-plugin/xsd/surefire-test-report-3.0.xsd" version="3.0" name="jacob.ContainerShipTest" time="0.001" tests="6" errors="0" skipped="0" failures="0">
  <properties>
[...]
</properties>
  <testcase name="testContainerModelMethod" classname="jacob.ContainerShipTest" time="0"/>
  <testcase name="testContainerStorageSizeMethod" classname="jacob.ContainerShipTest" time="0"/>
  <testcase name="testContainerStorageLocationMethod" classname="jacob.ContainerShipTest" time="0"/>
  <testcase name="testContainerMakeMethod" classname="jacob.ContainerShipTest" time="0"/>
  <testcase name="testContainerColourMethod" classname="jacob.ContainerShipTest" time="0"/>
  <testcase name="testContainerRegistrationMethod" classname="jacob.ContainerShipTest" time="0"/>
</testsuite>